[2025-04-06 11:44:08] [INFO] Prestashop GET-EDIT senkronizasyon başlatıldı
[2025-04-06 11:44:08] [INFO] WebPOS'tan 5 ürün alındı (web_id'ye göre gruplandırılmış)
[2025-04-06 11:44:08] [INFO] 5 adet ürün senkronize edilecek
[2025-04-06 11:44:08] [INFO] İşleniyor (1/5): web_id=23
[2025-04-06 11:44:08] [INFO] İşleniyor: PS ID=23, Fiyat=27.50, Stok=100
[2025-04-06 11:44:08] [INFO] Ürün bilgileri alınıyor (GET): PS ID=23
[2025-04-06 11:44:08] [INFO] Mevcut fiyat: 22.500000, Yeni fiyat: 27.5
[2025-04-06 11:44:08] [INFO] KDV oranı: %20.00, Vergili fiyat: 27.5, Vergisiz fiyat: 22.916667
[2025-04-06 11:44:08] [INFO] Fiyat güncelleme XML hazırlandı. Gönderiliyor...
[2025-04-06 11:44:09] [INFO] Fiyat güncelleme başarılı: PS ID=23, Fiyat=27.5
[2025-04-06 11:44:09] [INFO] Stok ID bulundu: StockID=73, PS ID=23
[2025-04-06 11:44:09] [DEBUG] Mevcut depends_on_stock değeri: 0
[2025-04-06 11:44:09] [INFO] Stok güncelleniyor (EDIT): PS ID=23, StockID=73, Yeni stok=100, depends_on_stock=0
[2025-04-06 11:44:09] [INFO] Stok güncelleme başarılı: PS ID=23, StockID=73, Stok=100
[2025-04-06 11:44:09] [SUCCESS] Güncelleme tamamen başarılı: PS ID=23
[2025-04-06 11:44:09] [INFO] İşleniyor (2/5): web_id=26
[2025-04-06 11:44:09] [INFO] İşleniyor: PS ID=26, Fiyat=52.00, Stok=0
[2025-04-06 11:44:09] [INFO] Ürün bilgileri alınıyor (GET): PS ID=26
[2025-04-06 11:44:10] [INFO] Mevcut fiyat: 47.518200, Yeni fiyat: 52
[2025-04-06 11:44:10] [INFO] KDV oranı: %10.00, Vergili fiyat: 52, Vergisiz fiyat: 47.272727
[2025-04-06 11:44:10] [INFO] Fiyat güncelleme XML hazırlandı. Gönderiliyor...
[2025-04-06 11:44:10] [INFO] Fiyat güncelleme başarılı: PS ID=26, Fiyat=52
[2025-04-06 11:44:10] [INFO] Stok ID bulundu: StockID=91, PS ID=26
[2025-04-06 11:44:10] [DEBUG] Mevcut depends_on_stock değeri: 0
[2025-04-06 11:44:10] [INFO] Stok güncelleniyor (EDIT): PS ID=26, StockID=91, Yeni stok=0, depends_on_stock=0
[2025-04-06 11:44:10] [INFO] Stok güncelleme başarılı: PS ID=26, StockID=91, Stok=0
[2025-04-06 11:44:10] [SUCCESS] Güncelleme tamamen başarılı: PS ID=26
[2025-04-06 11:44:10] [INFO] İşleniyor (3/5): web_id=27
[2025-04-06 11:44:10] [INFO] İşleniyor: PS ID=27, Fiyat=56.00, Stok=9
[2025-04-06 11:44:10] [INFO] Ürün bilgileri alınıyor (GET): PS ID=27
[2025-04-06 11:44:10] [INFO] Mevcut fiyat: 50.000000, Yeni fiyat: 56
[2025-04-06 11:44:10] [INFO] KDV oranı: %10.00, Vergili fiyat: 56, Vergisiz fiyat: 50.909091
[2025-04-06 11:44:10] [INFO] Fiyat güncelleme XML hazırlandı. Gönderiliyor...
[2025-04-06 11:44:10] [INFO] Fiyat güncelleme başarılı: PS ID=27, Fiyat=56
[2025-04-06 11:44:10] [INFO] Stok ID bulundu: StockID=100, PS ID=27
[2025-04-06 11:44:10] [DEBUG] Mevcut depends_on_stock değeri: 0
[2025-04-06 11:44:10] [INFO] Stok güncelleniyor (EDIT): PS ID=27, StockID=100, Yeni stok=9, depends_on_stock=0
[2025-04-06 11:44:10] [INFO] Stok güncelleme başarılı: PS ID=27, StockID=100, Stok=9
[2025-04-06 11:44:10] [SUCCESS] Güncelleme tamamen başarılı: PS ID=27
[2025-04-06 11:44:10] [INFO] İşleniyor (4/5): web_id=31
[2025-04-06 11:44:10] [INFO] İşleniyor: PS ID=31, Fiyat=49.00, Stok=200
[2025-04-06 11:44:10] [INFO] Ürün bilgileri alınıyor (GET): PS ID=31
[2025-04-06 11:44:10] [INFO] Mevcut fiyat: 41.666700, Yeni fiyat: 49
[2025-04-06 11:44:10] [INFO] KDV oranı: %10.00, Vergili fiyat: 49, Vergisiz fiyat: 44.545455
[2025-04-06 11:44:10] [INFO] Fiyat güncelleme XML hazırlandı. Gönderiliyor...
[2025-04-06 11:44:11] [INFO] Fiyat güncelleme başarılı: PS ID=31, Fiyat=49
[2025-04-06 11:44:11] [INFO] Stok ID bulundu: StockID=120, PS ID=31
[2025-04-06 11:44:11] [DEBUG] Mevcut depends_on_stock değeri: 0
[2025-04-06 11:44:11] [INFO] Stok güncelleniyor (EDIT): PS ID=31, StockID=120, Yeni stok=200, depends_on_stock=0
[2025-04-06 11:44:11] [INFO] Stok güncelleme başarılı: PS ID=31, StockID=120, Stok=200
[2025-04-06 11:44:11] [SUCCESS] Güncelleme tamamen başarılı: PS ID=31
[2025-04-06 11:44:11] [INFO] İşleniyor (5/5): web_id=6386
[2025-04-06 11:44:11] [INFO] İşleniyor: PS ID=6386, Fiyat=70.00, Stok=2000
[2025-04-06 11:44:11] [INFO] Ürün bilgileri alınıyor (GET): PS ID=6386
[2025-04-06 11:44:11] [INFO] Mevcut fiyat: 58.333333, Yeni fiyat: 70
[2025-04-06 11:44:11] [INFO] KDV oranı: %20.00, Vergili fiyat: 70, Vergisiz fiyat: 58.333333
[2025-04-06 11:44:11] [INFO] Fiyat güncelleme XML hazırlandı. Gönderiliyor...
[2025-04-06 11:44:11] [INFO] Fiyat güncelleme başarılı: PS ID=6386, Fiyat=70
[2025-04-06 11:44:11] [INFO] Stok ID bulundu: StockID=19161, PS ID=6386
[2025-04-06 11:44:11] [DEBUG] Mevcut depends_on_stock değeri: 0
[2025-04-06 11:44:11] [INFO] Stok güncelleniyor (EDIT): PS ID=6386, StockID=19161, Yeni stok=2000, depends_on_stock=0
[2025-04-06 11:44:11] [INFO] Stok güncelleme başarılı: PS ID=6386, StockID=19161, Stok=2000
[2025-04-06 11:44:11] [SUCCESS] Güncelleme tamamen başarılı: PS ID=6386
[2025-04-06 11:44:11] [INFO] Senkronizasyon tamamlandı. Başarılı: 5, Kısmen Başarılı: 0, Başarısız: 0, Atlanan: 0, Toplam Süre: 3.17 saniye
[2025-04-06 11:44:11] [SUCCESS] =======================================================================
[2025-04-06 11:44:11] [SUCCESS] =================== SENKRONIZASYON SONUÇLARI =========================
[2025-04-06 11:44:11] [SUCCESS] =======================================================================
[2025-04-06 11:44:11] [SUCCESS] =======================================================================
[2025-04-06 11:44:11] [SUCCESS] BAŞARILI ÜRÜNLER (5 ADET)
[2025-04-06 11:44:11] [SUCCESS] =======================================================================
[2025-04-06 11:44:11] [SUCCESS]   ✓ ID: 23 - "Adel Stick Yapıştırıcı 8 Gr." - Fiyat: 27.5 - Stok: 100
[2025-04-06 11:44:11] [SUCCESS]   ✓ ID: 26 - "Gıpta Mica A4 Tel Dikişli Plastik Kapak 40 Yap. Çizgili Defter" - Fiyat: 52 - Stok: 0
[2025-04-06 11:44:11] [SUCCESS]   ✓ ID: 27 - "Mica Ofset A4 Pp 40 Yap. Kareli Defter" - Fiyat: 56 - Stok: 9
[2025-04-06 11:44:11] [SUCCESS]   ✓ ID: 31 - "Econ Versatil Kalem Pastel Renkler" - Fiyat: 49 - Stok: 200
[2025-04-06 11:44:11] [SUCCESS]   ✓ ID: 6386 - "Adel Stick Yapıştırıcı 36 Gr" - Fiyat: 70 - Stok: 2000
[2025-04-06 11:44:11] [SUCCESS] =======================================================================
[2025-04-06 11:44:11] [SUCCESS] ======================= SENKRONIZASYON SONU ===========================
[2025-04-06 11:44:11] [SUCCESS] =======================================================================
[2025-04-06 11:44:11] [INFO] Senkronizasyon özeti kaydedildi: /home/incikir2/public_html/pos.incikirtasiye.com/admin/api/prestashop/logs/last_summary.json
[2025-04-06 11:44:11] [INFO] Prestashop GET-EDIT senkronizasyon tamamlandı
