Log dosyası 2025-05-08 08:30:14 tarihinde oluşturuldu.
[2025-05-08 08:30:47] [INFO] Prestashop GET-EDIT senkronizasyon başlatıldı
[2025-05-08 08:30:47] [INFO] Batch işlemi başlatılıyor: 0-200 / 3844
[2025-05-08 08:30:52] [INFO] İlerleme: 10 / 3844 ürün işlendi
[2025-05-08 08:30:58] [INFO] İlerleme: 20 / 3844 ürün işlendi
[2025-05-08 08:31:04] [INFO] İlerleme: 30 / 3844 ürün işlendi
[2025-05-08 08:31:11] [INFO] İlerleme: 40 / 3844 ürün işlendi
[2025-05-08 08:31:18] [INFO] İlerleme: 50 / 3844 ürün işlendi
[2025-05-08 08:31:25] [INFO] İlerleme: 60 / 3844 ürün işlendi
[2025-05-08 08:31:30] [INFO] İlerleme: 70 / 3844 ürün işlendi
[2025-05-08 08:31:37] [INFO] İlerleme: 80 / 3844 ürün işlendi
[2025-05-08 08:31:43] [INFO] İlerleme: 90 / 3844 ürün işlendi
[2025-05-08 08:31:48] [INFO] İlerleme: 100 / 3844 ürün işlendi
[2025-05-08 08:31:52] [INFO] İlerleme: 110 / 3844 ürün işlendi
[2025-05-08 08:31:57] [INFO] İlerleme: 120 / 3844 ürün işlendi
[2025-05-08 08:32:00] [INFO] İlerleme: 130 / 3844 ürün işlendi
[2025-05-08 08:32:05] [INFO] İlerleme: 140 / 3844 ürün işlendi
[2025-05-08 08:32:12] [INFO] İlerleme: 150 / 3844 ürün işlendi
[2025-05-08 08:32:14] [INFO] İlerleme: 160 / 3844 ürün işlendi
[2025-05-08 08:32:18] [INFO] İlerleme: 170 / 3844 ürün işlendi
[2025-05-08 08:32:22] [INFO] İlerleme: 180 / 3844 ürün işlendi
[2025-05-08 08:32:26] [INFO] İlerleme: 190 / 3844 ürün işlendi
[2025-05-08 08:32:31] [INFO] İlerleme: 200 / 3844 ürün işlendi
[2025-05-08 08:32:32] [INFO] Batch işlemi başlatılıyor: 200-400 / 3844
[2025-05-08 08:32:36] [INFO] İlerleme: 210 / 3844 ürün işlendi
[2025-05-08 08:32:41] [INFO] İlerleme: 220 / 3844 ürün işlendi
[2025-05-08 08:32:45] [INFO] İlerleme: 230 / 3844 ürün işlendi
[2025-05-08 08:32:50] [INFO] İlerleme: 240 / 3844 ürün işlendi
[2025-05-08 08:32:56] [INFO] İlerleme: 250 / 3844 ürün işlendi
[2025-05-08 08:33:03] [INFO] İlerleme: 260 / 3844 ürün işlendi
[2025-05-08 08:33:10] [INFO] İlerleme: 270 / 3844 ürün işlendi
[2025-05-08 08:33:15] [INFO] İlerleme: 280 / 3844 ürün işlendi
[2025-05-08 08:33:21] [INFO] İlerleme: 290 / 3844 ürün işlendi
[2025-05-08 08:33:29] [INFO] İlerleme: 300 / 3844 ürün işlendi
[2025-05-08 08:33:35] [INFO] İlerleme: 310 / 3844 ürün işlendi
[2025-05-08 08:33:40] [INFO] İlerleme: 320 / 3844 ürün işlendi
[2025-05-08 08:33:44] [INFO] İlerleme: 330 / 3844 ürün işlendi
[2025-05-08 08:33:50] [INFO] İlerleme: 340 / 3844 ürün işlendi
[2025-05-08 08:33:57] [INFO] İlerleme: 350 / 3844 ürün işlendi
[2025-05-08 08:34:06] [INFO] İlerleme: 360 / 3844 ürün işlendi
[2025-05-08 08:34:11] [INFO] İlerleme: 370 / 3844 ürün işlendi
[2025-05-08 08:34:14] [INFO] İlerleme: 380 / 3844 ürün işlendi
[2025-05-08 08:34:16] [INFO] İlerleme: 390 / 3844 ürün işlendi
[2025-05-08 08:34:18] [INFO] İlerleme: 400 / 3844 ürün işlendi
[2025-05-08 08:34:19] [INFO] Batch işlemi başlatılıyor: 400-600 / 3844
[2025-05-08 08:34:20] [INFO] İlerleme: 410 / 3844 ürün işlendi
[2025-05-08 08:34:22] [INFO] İlerleme: 420 / 3844 ürün işlendi
[2025-05-08 08:34:24] [INFO] İlerleme: 430 / 3844 ürün işlendi
[2025-05-08 08:34:26] [INFO] İlerleme: 440 / 3844 ürün işlendi
[2025-05-08 08:34:30] [INFO] İlerleme: 450 / 3844 ürün işlendi
[2025-05-08 08:34:33] [INFO] İlerleme: 460 / 3844 ürün işlendi
[2025-05-08 08:34:37] [INFO] İlerleme: 470 / 3844 ürün işlendi
[2025-05-08 08:34:42] [INFO] İlerleme: 480 / 3844 ürün işlendi
[2025-05-08 08:34:47] [INFO] İlerleme: 490 / 3844 ürün işlendi
[2025-05-08 08:34:51] [INFO] İlerleme: 500 / 3844 ürün işlendi
[2025-05-08 08:34:55] [INFO] İlerleme: 510 / 3844 ürün işlendi
[2025-05-08 08:34:59] [INFO] İlerleme: 520 / 3844 ürün işlendi
[2025-05-08 08:35:07] [INFO] İlerleme: 530 / 3844 ürün işlendi
[2025-05-08 08:35:13] [INFO] İlerleme: 540 / 3844 ürün işlendi
[2025-05-08 08:35:20] [INFO] İlerleme: 550 / 3844 ürün işlendi
[2025-05-08 08:35:28] [INFO] İlerleme: 560 / 3844 ürün işlendi
[2025-05-08 08:35:32] [INFO] İlerleme: 570 / 3844 ürün işlendi
[2025-05-08 08:35:37] [INFO] İlerleme: 580 / 3844 ürün işlendi
[2025-05-08 08:35:41] [INFO] İlerleme: 590 / 3844 ürün işlendi
[2025-05-08 08:35:45] [INFO] İlerleme: 600 / 3844 ürün işlendi
[2025-05-08 08:35:46] [INFO] Batch işlemi başlatılıyor: 600-800 / 3844
[2025-05-08 08:35:52] [INFO] İlerleme: 610 / 3844 ürün işlendi
[2025-05-08 08:35:57] [INFO] İlerleme: 620 / 3844 ürün işlendi
[2025-05-08 08:36:00] [INFO] İlerleme: 630 / 3844 ürün işlendi
[2025-05-08 08:36:06] [INFO] İlerleme: 640 / 3844 ürün işlendi
[2025-05-08 08:36:21] [INFO] İlerleme: 650 / 3844 ürün işlendi
[2025-05-08 08:36:39] [INFO] İlerleme: 660 / 3844 ürün işlendi
[2025-05-08 08:36:47] [INFO] İlerleme: 670 / 3844 ürün işlendi
[2025-05-08 08:36:52] [INFO] İlerleme: 680 / 3844 ürün işlendi
[2025-05-08 08:36:57] [INFO] İlerleme: 690 / 3844 ürün işlendi
[2025-05-08 08:37:04] [INFO] İlerleme: 700 / 3844 ürün işlendi
[2025-05-08 08:37:09] [INFO] İlerleme: 710 / 3844 ürün işlendi
[2025-05-08 08:37:14] [INFO] İlerleme: 720 / 3844 ürün işlendi
[2025-05-08 08:37:21] [INFO] İlerleme: 730 / 3844 ürün işlendi
[2025-05-08 08:37:28] [INFO] İlerleme: 740 / 3844 ürün işlendi
[2025-05-08 08:37:35] [INFO] İlerleme: 750 / 3844 ürün işlendi
[2025-05-08 08:37:38] [INFO] İlerleme: 760 / 3844 ürün işlendi
[2025-05-08 08:37:43] [INFO] İlerleme: 770 / 3844 ürün işlendi
[2025-05-08 08:37:48] [INFO] İlerleme: 780 / 3844 ürün işlendi
[2025-05-08 08:37:54] [INFO] İlerleme: 790 / 3844 ürün işlendi
[2025-05-08 08:37:56] [INFO] İlerleme: 800 / 3844 ürün işlendi
[2025-05-08 08:37:57] [INFO] Batch işlemi başlatılıyor: 800-1000 / 3844
[2025-05-08 08:37:58] [INFO] İlerleme: 810 / 3844 ürün işlendi
[2025-05-08 08:38:01] [INFO] İlerleme: 820 / 3844 ürün işlendi
[2025-05-08 08:38:05] [INFO] İlerleme: 830 / 3844 ürün işlendi
[2025-05-08 08:38:08] [INFO] İlerleme: 840 / 3844 ürün işlendi
[2025-05-08 08:38:11] [INFO] İlerleme: 850 / 3844 ürün işlendi
[2025-05-08 08:38:14] [INFO] İlerleme: 860 / 3844 ürün işlendi
[2025-05-08 08:38:16] [INFO] İlerleme: 870 / 3844 ürün işlendi
[2025-05-08 08:38:20] [INFO] İlerleme: 880 / 3844 ürün işlendi
[2025-05-08 08:38:24] [INFO] İlerleme: 890 / 3844 ürün işlendi
[2025-05-08 08:38:30] [INFO] İlerleme: 900 / 3844 ürün işlendi
[2025-05-08 08:38:37] [INFO] İlerleme: 910 / 3844 ürün işlendi
[2025-05-08 08:38:48] [INFO] İlerleme: 920 / 3844 ürün işlendi
[2025-05-08 08:38:54] [INFO] İlerleme: 930 / 3844 ürün işlendi
[2025-05-08 08:38:58] [INFO] İlerleme: 940 / 3844 ürün işlendi
[2025-05-08 08:39:01] [INFO] İlerleme: 950 / 3844 ürün işlendi
[2025-05-08 08:39:08] [INFO] İlerleme: 960 / 3844 ürün işlendi
[2025-05-08 08:39:14] [INFO] İlerleme: 970 / 3844 ürün işlendi
[2025-05-08 08:39:19] [INFO] İlerleme: 980 / 3844 ürün işlendi
[2025-05-08 08:39:23] [INFO] İlerleme: 990 / 3844 ürün işlendi
[2025-05-08 08:39:26] [INFO] İlerleme: 1000 / 3844 ürün işlendi
[2025-05-08 08:39:27] [INFO] Batch işlemi başlatılıyor: 1000-1200 / 3844
[2025-05-08 08:39:31] [INFO] İlerleme: 1010 / 3844 ürün işlendi
[2025-05-08 08:39:35] [INFO] İlerleme: 1020 / 3844 ürün işlendi
[2025-05-08 08:39:39] [INFO] İlerleme: 1030 / 3844 ürün işlendi
[2025-05-08 08:39:48] [INFO] İlerleme: 1040 / 3844 ürün işlendi
[2025-05-08 08:39:56] [INFO] İlerleme: 1050 / 3844 ürün işlendi
[2025-05-08 08:40:02] [INFO] İlerleme: 1060 / 3844 ürün işlendi
[2025-05-08 08:40:09] [INFO] İlerleme: 1070 / 3844 ürün işlendi
[2025-05-08 08:40:15] [INFO] İlerleme: 1080 / 3844 ürün işlendi
[2025-05-08 08:40:20] [INFO] İlerleme: 1090 / 3844 ürün işlendi
[2025-05-08 08:40:24] [INFO] İlerleme: 1100 / 3844 ürün işlendi
[2025-05-08 08:40:27] [INFO] İlerleme: 1110 / 3844 ürün işlendi
[2025-05-08 08:40:30] [INFO] İlerleme: 1120 / 3844 ürün işlendi
[2025-05-08 08:40:34] [INFO] İlerleme: 1130 / 3844 ürün işlendi
[2025-05-08 08:40:41] [INFO] İlerleme: 1140 / 3844 ürün işlendi
[2025-05-08 08:40:46] [INFO] İlerleme: 1150 / 3844 ürün işlendi
[2025-05-08 08:40:51] [INFO] İlerleme: 1160 / 3844 ürün işlendi
[2025-05-08 08:40:56] [INFO] İlerleme: 1170 / 3844 ürün işlendi
[2025-05-08 08:41:03] [INFO] İlerleme: 1180 / 3844 ürün işlendi
[2025-05-08 08:41:11] [INFO] İlerleme: 1190 / 3844 ürün işlendi
[2025-05-08 08:41:17] [INFO] İlerleme: 1200 / 3844 ürün işlendi
[2025-05-08 08:41:19] [INFO] Batch işlemi başlatılıyor: 1200-1400 / 3844
[2025-05-08 08:41:26] [INFO] İlerleme: 1210 / 3844 ürün işlendi
[2025-05-08 08:41:33] [INFO] İlerleme: 1220 / 3844 ürün işlendi
[2025-05-08 08:41:39] [INFO] İlerleme: 1230 / 3844 ürün işlendi
[2025-05-08 08:41:42] [INFO] İlerleme: 1240 / 3844 ürün işlendi
[2025-05-08 08:41:47] [INFO] İlerleme: 1250 / 3844 ürün işlendi
[2025-05-08 08:41:51] [INFO] İlerleme: 1260 / 3844 ürün işlendi
[2025-05-08 08:41:54] [INFO] İlerleme: 1270 / 3844 ürün işlendi
[2025-05-08 08:41:57] [INFO] İlerleme: 1280 / 3844 ürün işlendi
[2025-05-08 08:42:00] [INFO] İlerleme: 1290 / 3844 ürün işlendi
[2025-05-08 08:42:05] [INFO] İlerleme: 1300 / 3844 ürün işlendi
[2025-05-08 08:42:09] [INFO] İlerleme: 1310 / 3844 ürün işlendi
[2025-05-08 08:42:12] [INFO] İlerleme: 1320 / 3844 ürün işlendi
[2025-05-08 08:42:15] [INFO] İlerleme: 1330 / 3844 ürün işlendi
[2025-05-08 08:42:19] [INFO] İlerleme: 1340 / 3844 ürün işlendi
[2025-05-08 08:42:24] [INFO] İlerleme: 1350 / 3844 ürün işlendi
[2025-05-08 08:42:29] [INFO] İlerleme: 1360 / 3844 ürün işlendi
[2025-05-08 08:42:33] [INFO] İlerleme: 1370 / 3844 ürün işlendi
[2025-05-08 08:42:37] [INFO] İlerleme: 1380 / 3844 ürün işlendi
[2025-05-08 08:42:40] [INFO] İlerleme: 1390 / 3844 ürün işlendi
[2025-05-08 08:42:45] [INFO] İlerleme: 1400 / 3844 ürün işlendi
[2025-05-08 08:42:46] [INFO] Batch işlemi başlatılıyor: 1400-1600 / 3844
[2025-05-08 08:42:51] [INFO] İlerleme: 1410 / 3844 ürün işlendi
[2025-05-08 08:42:56] [INFO] İlerleme: 1420 / 3844 ürün işlendi
[2025-05-08 08:43:01] [INFO] İlerleme: 1430 / 3844 ürün işlendi
[2025-05-08 08:43:06] [INFO] İlerleme: 1440 / 3844 ürün işlendi
[2025-05-08 08:43:11] [INFO] İlerleme: 1450 / 3844 ürün işlendi
[2025-05-08 08:43:15] [INFO] İlerleme: 1460 / 3844 ürün işlendi
[2025-05-08 08:43:18] [INFO] İlerleme: 1470 / 3844 ürün işlendi
[2025-05-08 08:43:22] [INFO] İlerleme: 1480 / 3844 ürün işlendi
[2025-05-08 08:43:29] [INFO] İlerleme: 1490 / 3844 ürün işlendi
[2025-05-08 08:43:38] [INFO] İlerleme: 1500 / 3844 ürün işlendi
[2025-05-08 08:43:44] [INFO] İlerleme: 1510 / 3844 ürün işlendi
[2025-05-08 08:43:51] [INFO] İlerleme: 1520 / 3844 ürün işlendi
[2025-05-08 08:43:56] [INFO] İlerleme: 1530 / 3844 ürün işlendi
[2025-05-08 08:43:59] [INFO] İlerleme: 1540 / 3844 ürün işlendi
[2025-05-08 08:44:03] [INFO] İlerleme: 1550 / 3844 ürün işlendi
[2025-05-08 08:44:07] [INFO] İlerleme: 1560 / 3844 ürün işlendi
[2025-05-08 08:44:10] [INFO] İlerleme: 1570 / 3844 ürün işlendi
[2025-05-08 08:44:13] [INFO] İlerleme: 1580 / 3844 ürün işlendi
[2025-05-08 08:44:17] [INFO] İlerleme: 1590 / 3844 ürün işlendi
[2025-05-08 08:44:20] [INFO] İlerleme: 1600 / 3844 ürün işlendi
[2025-05-08 08:44:20] [INFO] Batch işlemi başlatılıyor: 1600-1800 / 3844
[2025-05-08 08:44:24] [INFO] İlerleme: 1610 / 3844 ürün işlendi
[2025-05-08 08:44:28] [INFO] İlerleme: 1620 / 3844 ürün işlendi
[2025-05-08 08:44:37] [INFO] İlerleme: 1630 / 3844 ürün işlendi
[2025-05-08 08:44:42] [INFO] İlerleme: 1640 / 3844 ürün işlendi
[2025-05-08 08:44:53] [INFO] İlerleme: 1650 / 3844 ürün işlendi
[2025-05-08 08:45:03] [INFO] İlerleme: 1660 / 3844 ürün işlendi
[2025-05-08 08:45:15] [INFO] İlerleme: 1670 / 3844 ürün işlendi
[2025-05-08 08:45:24] [INFO] İlerleme: 1680 / 3844 ürün işlendi
[2025-05-08 08:45:34] [INFO] İlerleme: 1690 / 3844 ürün işlendi
[2025-05-08 08:45:49] [INFO] İlerleme: 1700 / 3844 ürün işlendi
[2025-05-08 08:45:55] [INFO] İlerleme: 1710 / 3844 ürün işlendi
[2025-05-08 08:46:02] [INFO] İlerleme: 1720 / 3844 ürün işlendi
[2025-05-08 08:46:09] [INFO] İlerleme: 1730 / 3844 ürün işlendi
[2025-05-08 08:46:16] [INFO] İlerleme: 1740 / 3844 ürün işlendi
[2025-05-08 08:46:22] [INFO] İlerleme: 1750 / 3844 ürün işlendi
[2025-05-08 08:46:27] [INFO] İlerleme: 1760 / 3844 ürün işlendi
[2025-05-08 08:46:30] [INFO] İlerleme: 1770 / 3844 ürün işlendi
[2025-05-08 08:46:40] [INFO] İlerleme: 1780 / 3844 ürün işlendi
[2025-05-08 08:46:58] [INFO] İlerleme: 1790 / 3844 ürün işlendi
[2025-05-08 08:47:02] [INFO] İlerleme: 1800 / 3844 ürün işlendi
[2025-05-08 08:47:03] [INFO] Batch işlemi başlatılıyor: 1800-2000 / 3844
[2025-05-08 08:47:09] [INFO] İlerleme: 1810 / 3844 ürün işlendi
[2025-05-08 08:47:16] [INFO] İlerleme: 1820 / 3844 ürün işlendi
[2025-05-08 08:47:20] [INFO] İlerleme: 1830 / 3844 ürün işlendi
[2025-05-08 08:47:25] [INFO] İlerleme: 1840 / 3844 ürün işlendi
[2025-05-08 08:47:31] [INFO] İlerleme: 1850 / 3844 ürün işlendi
[2025-05-08 08:47:35] [INFO] İlerleme: 1860 / 3844 ürün işlendi
[2025-05-08 08:47:41] [INFO] İlerleme: 1870 / 3844 ürün işlendi
[2025-05-08 08:47:43] [INFO] İlerleme: 1880 / 3844 ürün işlendi
[2025-05-08 08:47:49] [INFO] İlerleme: 1890 / 3844 ürün işlendi
[2025-05-08 08:47:58] [INFO] İlerleme: 1900 / 3844 ürün işlendi
[2025-05-08 08:48:01] [INFO] İlerleme: 1910 / 3844 ürün işlendi
[2025-05-08 08:48:10] [INFO] İlerleme: 1920 / 3844 ürün işlendi
[2025-05-08 08:48:19] [INFO] İlerleme: 1930 / 3844 ürün işlendi
[2025-05-08 08:48:24] [INFO] İlerleme: 1940 / 3844 ürün işlendi
[2025-05-08 08:48:31] [INFO] İlerleme: 1950 / 3844 ürün işlendi
[2025-05-08 08:48:39] [INFO] İlerleme: 1960 / 3844 ürün işlendi
[2025-05-08 08:48:44] [INFO] İlerleme: 1970 / 3844 ürün işlendi
[2025-05-08 08:48:50] [INFO] İlerleme: 1980 / 3844 ürün işlendi
[2025-05-08 08:48:54] [INFO] İlerleme: 1990 / 3844 ürün işlendi
[2025-05-08 08:48:59] [INFO] İlerleme: 2000 / 3844 ürün işlendi
[2025-05-08 08:49:00] [INFO] Batch işlemi başlatılıyor: 2000-2200 / 3844
[2025-05-08 08:49:04] [INFO] İlerleme: 2010 / 3844 ürün işlendi
[2025-05-08 08:49:08] [INFO] İlerleme: 2020 / 3844 ürün işlendi
[2025-05-08 08:49:11] [INFO] İlerleme: 2030 / 3844 ürün işlendi
[2025-05-08 08:49:15] [INFO] İlerleme: 2040 / 3844 ürün işlendi
[2025-05-08 08:49:20] [INFO] İlerleme: 2050 / 3844 ürün işlendi
[2025-05-08 08:49:25] [INFO] İlerleme: 2060 / 3844 ürün işlendi
[2025-05-08 08:49:36] [INFO] İlerleme: 2070 / 3844 ürün işlendi
[2025-05-08 08:49:41] [INFO] İlerleme: 2080 / 3844 ürün işlendi
[2025-05-08 08:49:44] [INFO] İlerleme: 2090 / 3844 ürün işlendi
[2025-05-08 08:49:51] [INFO] İlerleme: 2100 / 3844 ürün işlendi
[2025-05-08 08:49:54] [INFO] İlerleme: 2110 / 3844 ürün işlendi
[2025-05-08 08:49:58] [INFO] İlerleme: 2120 / 3844 ürün işlendi
[2025-05-08 08:50:03] [INFO] İlerleme: 2130 / 3844 ürün işlendi
[2025-05-08 08:50:11] [INFO] İlerleme: 2140 / 3844 ürün işlendi
[2025-05-08 08:50:20] [INFO] İlerleme: 2150 / 3844 ürün işlendi
[2025-05-08 08:50:26] [INFO] İlerleme: 2160 / 3844 ürün işlendi
[2025-05-08 08:50:33] [INFO] İlerleme: 2170 / 3844 ürün işlendi
[2025-05-08 08:50:46] [INFO] İlerleme: 2180 / 3844 ürün işlendi
[2025-05-08 08:50:51] [INFO] İlerleme: 2190 / 3844 ürün işlendi
[2025-05-08 08:50:56] [INFO] İlerleme: 2200 / 3844 ürün işlendi
[2025-05-08 08:50:58] [INFO] Batch işlemi başlatılıyor: 2200-2400 / 3844
[2025-05-08 08:51:05] [INFO] İlerleme: 2210 / 3844 ürün işlendi
[2025-05-08 08:51:10] [INFO] İlerleme: 2220 / 3844 ürün işlendi
[2025-05-08 08:51:17] [INFO] İlerleme: 2230 / 3844 ürün işlendi
[2025-05-08 08:51:24] [INFO] İlerleme: 2240 / 3844 ürün işlendi
[2025-05-08 08:51:30] [INFO] İlerleme: 2250 / 3844 ürün işlendi
[2025-05-08 08:51:36] [INFO] İlerleme: 2260 / 3844 ürün işlendi
[2025-05-08 08:51:41] [INFO] İlerleme: 2270 / 3844 ürün işlendi
[2025-05-08 08:51:46] [INFO] İlerleme: 2280 / 3844 ürün işlendi
[2025-05-08 08:51:52] [INFO] İlerleme: 2290 / 3844 ürün işlendi
[2025-05-08 08:51:57] [INFO] İlerleme: 2300 / 3844 ürün işlendi
[2025-05-08 08:52:01] [INFO] İlerleme: 2310 / 3844 ürün işlendi
[2025-05-08 08:52:04] [INFO] İlerleme: 2320 / 3844 ürün işlendi
[2025-05-08 08:52:08] [INFO] İlerleme: 2330 / 3844 ürün işlendi
[2025-05-08 08:52:17] [INFO] İlerleme: 2340 / 3844 ürün işlendi
[2025-05-08 08:52:20] [INFO] İlerleme: 2350 / 3844 ürün işlendi
[2025-05-08 08:52:23] [INFO] İlerleme: 2360 / 3844 ürün işlendi
[2025-05-08 08:52:28] [INFO] İlerleme: 2370 / 3844 ürün işlendi
[2025-05-08 08:52:32] [INFO] İlerleme: 2380 / 3844 ürün işlendi
[2025-05-08 08:52:37] [INFO] İlerleme: 2390 / 3844 ürün işlendi
[2025-05-08 08:52:44] [INFO] İlerleme: 2400 / 3844 ürün işlendi
[2025-05-08 08:52:45] [INFO] Batch işlemi başlatılıyor: 2400-2600 / 3844
[2025-05-08 08:52:51] [INFO] İlerleme: 2410 / 3844 ürün işlendi
[2025-05-08 08:52:56] [INFO] İlerleme: 2420 / 3844 ürün işlendi
[2025-05-08 08:52:59] [INFO] İlerleme: 2430 / 3844 ürün işlendi
[2025-05-08 08:53:04] [INFO] İlerleme: 2440 / 3844 ürün işlendi
[2025-05-08 08:53:10] [INFO] İlerleme: 2450 / 3844 ürün işlendi
[2025-05-08 08:53:18] [INFO] İlerleme: 2460 / 3844 ürün işlendi
[2025-05-08 08:53:24] [INFO] İlerleme: 2470 / 3844 ürün işlendi
[2025-05-08 08:53:29] [INFO] İlerleme: 2480 / 3844 ürün işlendi
[2025-05-08 08:53:33] [INFO] İlerleme: 2490 / 3844 ürün işlendi
[2025-05-08 08:53:39] [INFO] İlerleme: 2500 / 3844 ürün işlendi
[2025-05-08 08:53:43] [INFO] İlerleme: 2510 / 3844 ürün işlendi
[2025-05-08 08:53:47] [INFO] İlerleme: 2520 / 3844 ürün işlendi
[2025-05-08 08:53:52] [INFO] İlerleme: 2530 / 3844 ürün işlendi
[2025-05-08 08:54:00] [INFO] İlerleme: 2540 / 3844 ürün işlendi
[2025-05-08 08:54:05] [INFO] İlerleme: 2550 / 3844 ürün işlendi
[2025-05-08 08:54:10] [INFO] İlerleme: 2560 / 3844 ürün işlendi
[2025-05-08 08:54:13] [INFO] İlerleme: 2570 / 3844 ürün işlendi
[2025-05-08 08:54:18] [INFO] İlerleme: 2580 / 3844 ürün işlendi
[2025-05-08 08:54:22] [INFO] İlerleme: 2590 / 3844 ürün işlendi
[2025-05-08 08:54:29] [INFO] İlerleme: 2600 / 3844 ürün işlendi
[2025-05-08 08:54:30] [INFO] Batch işlemi başlatılıyor: 2600-2800 / 3844
[2025-05-08 08:54:34] [INFO] İlerleme: 2610 / 3844 ürün işlendi
[2025-05-08 08:54:39] [INFO] İlerleme: 2620 / 3844 ürün işlendi
[2025-05-08 08:54:42] [INFO] İlerleme: 2630 / 3844 ürün işlendi
[2025-05-08 08:54:43] [INFO] İlerleme: 2640 / 3844 ürün işlendi
[2025-05-08 08:54:45] [INFO] İlerleme: 2650 / 3844 ürün işlendi
[2025-05-08 08:54:47] [INFO] İlerleme: 2660 / 3844 ürün işlendi
[2025-05-08 08:54:52] [INFO] İlerleme: 2670 / 3844 ürün işlendi
[2025-05-08 08:54:58] [INFO] İlerleme: 2680 / 3844 ürün işlendi
[2025-05-08 08:55:03] [INFO] İlerleme: 2690 / 3844 ürün işlendi
[2025-05-08 08:55:07] [INFO] İlerleme: 2700 / 3844 ürün işlendi
[2025-05-08 08:55:11] [INFO] İlerleme: 2710 / 3844 ürün işlendi
[2025-05-08 08:55:15] [INFO] İlerleme: 2720 / 3844 ürün işlendi
[2025-05-08 08:55:20] [INFO] İlerleme: 2730 / 3844 ürün işlendi
[2025-05-08 08:55:24] [INFO] İlerleme: 2740 / 3844 ürün işlendi
[2025-05-08 08:55:28] [INFO] İlerleme: 2750 / 3844 ürün işlendi
[2025-05-08 08:55:35] [INFO] İlerleme: 2760 / 3844 ürün işlendi
[2025-05-08 08:55:39] [INFO] İlerleme: 2770 / 3844 ürün işlendi
[2025-05-08 08:55:45] [INFO] İlerleme: 2780 / 3844 ürün işlendi
[2025-05-08 08:55:50] [INFO] İlerleme: 2790 / 3844 ürün işlendi
[2025-05-08 08:55:56] [INFO] İlerleme: 2800 / 3844 ürün işlendi
[2025-05-08 08:55:57] [INFO] Batch işlemi başlatılıyor: 2800-3000 / 3844
[2025-05-08 08:56:00] [INFO] İlerleme: 2810 / 3844 ürün işlendi
[2025-05-08 08:56:05] [INFO] İlerleme: 2820 / 3844 ürün işlendi
[2025-05-08 08:56:13] [INFO] İlerleme: 2830 / 3844 ürün işlendi
[2025-05-08 08:56:20] [INFO] İlerleme: 2840 / 3844 ürün işlendi
[2025-05-08 08:56:25] [INFO] İlerleme: 2850 / 3844 ürün işlendi
[2025-05-08 08:56:29] [INFO] İlerleme: 2860 / 3844 ürün işlendi
[2025-05-08 08:56:32] [INFO] İlerleme: 2870 / 3844 ürün işlendi
[2025-05-08 08:56:39] [INFO] İlerleme: 2880 / 3844 ürün işlendi
[2025-05-08 08:56:45] [INFO] İlerleme: 2890 / 3844 ürün işlendi
[2025-05-08 08:56:51] [INFO] İlerleme: 2900 / 3844 ürün işlendi
[2025-05-08 08:57:03] [INFO] İlerleme: 2910 / 3844 ürün işlendi
[2025-05-08 08:57:10] [INFO] İlerleme: 2920 / 3844 ürün işlendi
[2025-05-08 08:57:17] [INFO] İlerleme: 2930 / 3844 ürün işlendi
[2025-05-08 08:57:22] [INFO] İlerleme: 2940 / 3844 ürün işlendi
[2025-05-08 08:57:29] [INFO] İlerleme: 2950 / 3844 ürün işlendi
[2025-05-08 08:57:35] [INFO] İlerleme: 2960 / 3844 ürün işlendi
[2025-05-08 08:57:40] [INFO] İlerleme: 2970 / 3844 ürün işlendi
[2025-05-08 08:57:46] [INFO] İlerleme: 2980 / 3844 ürün işlendi
[2025-05-08 08:57:52] [INFO] İlerleme: 2990 / 3844 ürün işlendi
[2025-05-08 08:57:57] [INFO] İlerleme: 3000 / 3844 ürün işlendi
[2025-05-08 08:57:58] [INFO] Batch işlemi başlatılıyor: 3000-3200 / 3844
[2025-05-08 08:58:02] [INFO] İlerleme: 3010 / 3844 ürün işlendi
[2025-05-08 08:58:05] [INFO] İlerleme: 3020 / 3844 ürün işlendi
[2025-05-08 08:58:11] [INFO] İlerleme: 3030 / 3844 ürün işlendi
[2025-05-08 08:58:19] [INFO] İlerleme: 3040 / 3844 ürün işlendi
[2025-05-08 08:58:26] [INFO] İlerleme: 3050 / 3844 ürün işlendi
[2025-05-08 08:58:37] [INFO] İlerleme: 3060 / 3844 ürün işlendi
[2025-05-08 08:58:48] [INFO] İlerleme: 3070 / 3844 ürün işlendi
[2025-05-08 08:58:56] [INFO] İlerleme: 3080 / 3844 ürün işlendi
[2025-05-08 08:59:01] [INFO] İlerleme: 3090 / 3844 ürün işlendi
[2025-05-08 08:59:06] [INFO] İlerleme: 3100 / 3844 ürün işlendi
[2025-05-08 08:59:09] [INFO] İlerleme: 3110 / 3844 ürün işlendi
[2025-05-08 08:59:14] [INFO] İlerleme: 3120 / 3844 ürün işlendi
[2025-05-08 08:59:19] [INFO] İlerleme: 3130 / 3844 ürün işlendi
[2025-05-08 08:59:22] [INFO] İlerleme: 3140 / 3844 ürün işlendi
[2025-05-08 08:59:28] [INFO] İlerleme: 3150 / 3844 ürün işlendi
[2025-05-08 08:59:33] [INFO] İlerleme: 3160 / 3844 ürün işlendi
[2025-05-08 08:59:42] [INFO] İlerleme: 3170 / 3844 ürün işlendi
[2025-05-08 08:59:50] [INFO] İlerleme: 3180 / 3844 ürün işlendi
[2025-05-08 08:59:55] [INFO] İlerleme: 3190 / 3844 ürün işlendi
[2025-05-08 09:00:00] [INFO] İlerleme: 3200 / 3844 ürün işlendi
[2025-05-08 09:00:01] [INFO] Batch işlemi başlatılıyor: 3200-3400 / 3844
[2025-05-08 09:00:11] [INFO] İlerleme: 3210 / 3844 ürün işlendi
[2025-05-08 09:00:18] [INFO] İlerleme: 3220 / 3844 ürün işlendi
[2025-05-08 09:00:24] [INFO] İlerleme: 3230 / 3844 ürün işlendi
[2025-05-08 09:00:28] [INFO] İlerleme: 3240 / 3844 ürün işlendi
[2025-05-08 09:00:32] [INFO] İlerleme: 3250 / 3844 ürün işlendi
[2025-05-08 09:00:37] [INFO] İlerleme: 3260 / 3844 ürün işlendi
[2025-05-08 09:00:43] [INFO] İlerleme: 3270 / 3844 ürün işlendi
[2025-05-08 09:00:52] [INFO] İlerleme: 3280 / 3844 ürün işlendi
[2025-05-08 09:01:04] [INFO] İlerleme: 3290 / 3844 ürün işlendi
[2025-05-08 09:01:14] [INFO] İlerleme: 3300 / 3844 ürün işlendi
[2025-05-08 09:01:23] [INFO] İlerleme: 3310 / 3844 ürün işlendi
[2025-05-08 09:01:34] [INFO] İlerleme: 3320 / 3844 ürün işlendi
[2025-05-08 09:01:52] [INFO] İlerleme: 3330 / 3844 ürün işlendi
[2025-05-08 09:02:10] [INFO] İlerleme: 3340 / 3844 ürün işlendi
[2025-05-08 09:02:20] [INFO] İlerleme: 3350 / 3844 ürün işlendi
[2025-05-08 09:02:27] [INFO] İlerleme: 3360 / 3844 ürün işlendi
[2025-05-08 09:02:34] [INFO] İlerleme: 3370 / 3844 ürün işlendi
[2025-05-08 09:02:44] [INFO] İlerleme: 3380 / 3844 ürün işlendi
[2025-05-08 09:02:54] [INFO] İlerleme: 3390 / 3844 ürün işlendi
[2025-05-08 09:03:02] [INFO] İlerleme: 3400 / 3844 ürün işlendi
[2025-05-08 09:03:03] [INFO] Batch işlemi başlatılıyor: 3400-3600 / 3844
[2025-05-08 09:03:10] [INFO] İlerleme: 3410 / 3844 ürün işlendi
[2025-05-08 09:03:16] [INFO] İlerleme: 3420 / 3844 ürün işlendi
[2025-05-08 09:03:22] [INFO] İlerleme: 3430 / 3844 ürün işlendi
[2025-05-08 09:03:26] [INFO] İlerleme: 3440 / 3844 ürün işlendi
[2025-05-08 09:03:32] [INFO] İlerleme: 3450 / 3844 ürün işlendi
[2025-05-08 09:03:37] [INFO] İlerleme: 3460 / 3844 ürün işlendi
[2025-05-08 09:03:44] [INFO] İlerleme: 3470 / 3844 ürün işlendi
[2025-05-08 09:03:50] [INFO] İlerleme: 3480 / 3844 ürün işlendi
[2025-05-08 09:03:56] [INFO] İlerleme: 3490 / 3844 ürün işlendi
[2025-05-08 09:04:01] [INFO] İlerleme: 3500 / 3844 ürün işlendi
[2025-05-08 09:04:05] [INFO] İlerleme: 3510 / 3844 ürün işlendi
[2025-05-08 09:04:12] [INFO] İlerleme: 3520 / 3844 ürün işlendi
[2025-05-08 09:04:18] [INFO] İlerleme: 3530 / 3844 ürün işlendi
[2025-05-08 09:04:24] [INFO] İlerleme: 3540 / 3844 ürün işlendi
[2025-05-08 09:04:29] [INFO] İlerleme: 3550 / 3844 ürün işlendi
[2025-05-08 09:04:34] [INFO] İlerleme: 3560 / 3844 ürün işlendi
[2025-05-08 09:04:44] [INFO] İlerleme: 3570 / 3844 ürün işlendi
[2025-05-08 09:04:52] [INFO] İlerleme: 3580 / 3844 ürün işlendi
[2025-05-08 09:04:56] [INFO] İlerleme: 3590 / 3844 ürün işlendi
[2025-05-08 09:05:01] [INFO] İlerleme: 3600 / 3844 ürün işlendi
[2025-05-08 09:05:03] [INFO] Batch işlemi başlatılıyor: 3600-3800 / 3844
[2025-05-08 09:05:09] [INFO] İlerleme: 3610 / 3844 ürün işlendi
[2025-05-08 09:05:14] [INFO] İlerleme: 3620 / 3844 ürün işlendi
[2025-05-08 09:05:20] [INFO] İlerleme: 3630 / 3844 ürün işlendi
[2025-05-08 09:05:25] [INFO] İlerleme: 3640 / 3844 ürün işlendi
[2025-05-08 09:05:33] [INFO] İlerleme: 3650 / 3844 ürün işlendi
[2025-05-08 09:05:40] [INFO] İlerleme: 3660 / 3844 ürün işlendi
[2025-05-08 09:05:48] [INFO] İlerleme: 3670 / 3844 ürün işlendi
[2025-05-08 09:05:56] [INFO] İlerleme: 3680 / 3844 ürün işlendi
[2025-05-08 09:06:04] [INFO] İlerleme: 3690 / 3844 ürün işlendi
[2025-05-08 09:06:08] [INFO] İlerleme: 3700 / 3844 ürün işlendi
[2025-05-08 09:06:13] [INFO] İlerleme: 3710 / 3844 ürün işlendi
[2025-05-08 09:06:18] [INFO] İlerleme: 3720 / 3844 ürün işlendi
[2025-05-08 09:06:27] [INFO] İlerleme: 3730 / 3844 ürün işlendi
[2025-05-08 09:06:34] [INFO] İlerleme: 3740 / 3844 ürün işlendi
[2025-05-08 09:06:39] [INFO] İlerleme: 3750 / 3844 ürün işlendi
[2025-05-08 09:06:47] [INFO] İlerleme: 3760 / 3844 ürün işlendi
[2025-05-08 09:06:54] [INFO] İlerleme: 3770 / 3844 ürün işlendi
[2025-05-08 09:06:59] [INFO] İlerleme: 3780 / 3844 ürün işlendi
[2025-05-08 09:07:04] [INFO] İlerleme: 3790 / 3844 ürün işlendi
[2025-05-08 09:07:09] [INFO] İlerleme: 3800 / 3844 ürün işlendi
[2025-05-08 09:07:10] [INFO] Batch işlemi başlatılıyor: 3800-3844 / 3844
[2025-05-08 09:07:15] [INFO] İlerleme: 3810 / 3844 ürün işlendi
[2025-05-08 09:07:25] [INFO] İlerleme: 3820 / 3844 ürün işlendi
[2025-05-08 09:07:35] [INFO] İlerleme: 3830 / 3844 ürün işlendi
[2025-05-08 09:07:44] [INFO] İlerleme: 3840 / 3844 ürün işlendi
[2025-05-08 09:07:51] [INFO] Senkronizasyon tamamlandı. Başarılı: 3844, Başarısız: 0, Atlanan: 0, Toplam Süre: 2223.65 saniye
[2025-05-08 09:07:51] [INFO] Prestashop GET-EDIT senkronizasyon tamamlandı
[2025-05-08 09:15:23] [INFO] Prestashop GET-EDIT senkronizasyon başlatıldı
[2025-05-08 09:15:23] [INFO] Batch işlemi başlatılıyor: 0-200 / 3844
[2025-05-08 09:15:34] [INFO] İlerleme: 10 / 3844 ürün işlendi
